|--- 10x files in wave1 will be processed
Building DAG of jobs...
Using shell: /usr/bin/bash
Provided cores: 4
Rules claiming more threads will be scaled down.
Job counts:
	count	jobs
	1	preprocessing
	1

[Wed Mar 11 13:46:44 2020]
rule preprocessing:
    input: input/wave1_metadata.txt
    output: results/wave1/preprocessing/SeuratObj_wave1.rds, results/wave1/preprocessing/preprocessing.html
    jobid: 0
    wildcards: wave=wave1

Activating conda environment: /home/groups/CEDAR/enright/AML_stroma/seuratObj/pipeline/.snakemake/conda/c195800b
/usr/bin/bash: -c: line 0: syntax error near unexpected token `('
/usr/bin/bash: -c: line 0: `source /home/users/enright/miniconda3/bin/activate '/home/groups/CEDAR/enright/AML_stroma/seuratObj/pipeline/.snakemake/conda/c195800b'; set -euo pipefail;  Rscript rmarkdown::render('../scripts/scRNApreprocessing.Rmd', output_file = results/wave1/preprocessing/preprocessing.html, params=list(run2process = input/wave1_metadata.txt, destDir = results/wave1/preprocessing, seed=1234, reference_set=cultured))'
[Wed Mar 11 13:46:50 2020]
Error in rule preprocessing:
    jobid: 0
    output: results/wave1/preprocessing/SeuratObj_wave1.rds, results/wave1/preprocessing/preprocessing.html
    conda-env: /home/groups/CEDAR/enright/AML_stroma/seuratObj/pipeline/.snakemake/conda/c195800b
    shell:
        Rscript rmarkdown::render('../scripts/scRNApreprocessing.Rmd', output_file = results/wave1/preprocessing/preprocessing.html, params=list(run2process = input/wave1_metadata.txt, destDir = results/wave1/preprocessing, seed=1234, reference_set=cultured))
        (one of the commands exited with non-zero exit code; note that snakemake uses bash strict mode!)

Shutting down, this might take some time.
Exiting because a job execution failed. Look above for error message
